<?xml version="1.0" encoding="UTF-8"?>
<!-- Generated by org.testng.reporters.JUnitReportReporter -->
<testsuite hostname="Users-MacBook.local" name="test.TestBrain" tests="45" failures="0" timestamp="5 Feb 2017 05:50:35 GMT" time="0.314" errors="0">
  <testcase name="stringValidTest" time="0.000" classname="test.TestBrain"/>
  <testcase name="stepInTest" time="0.001" classname="test.TestBrain"/>
  <testcase name="mathErrorTest" time="0.030" classname="test.TestBrain"/>
  <testcase name="solveStepTest" time="0.000" classname="test.TestBrain"/>
  <testcase name="solveStepTest" time="0.001" classname="test.TestBrain"/>
  <testcase name="stringValidTest" time="0.001" classname="test.TestBrain"/>
  <testcase name="stepInTest" time="0.001" classname="test.TestBrain"/>
  <testcase name="mathErrorTest" time="0.099" classname="test.TestBrain"/>
  <testcase name="stringValidTest" time="0.000" classname="test.TestBrain"/>
  <testcase name="solveStepTest" time="0.001" classname="test.TestBrain"/>
  <testcase name="stepInTest" time="0.001" classname="test.TestBrain"/>
  <testcase name="solveStepTest" time="0.001" classname="test.TestBrain"/>
  <testcase name="mathErrorTest" time="0.009" classname="test.TestBrain"/>
  <testcase name="stringValidTest" time="0.000" classname="test.TestBrain"/>
  <testcase name="stepInTest" time="0.001" classname="test.TestBrain"/>
  <testcase name="stringValidTest" time="0.000" classname="test.TestBrain"/>
  <testcase name="stringValidTest" time="0.001" classname="test.TestBrain"/>
  <testcase name="stepInTest" time="0.001" classname="test.TestBrain"/>
  <testcase name="stringValidTest" time="0.000" classname="test.TestBrain"/>
  <testcase name="stepInTest" time="0.001" classname="test.TestBrain"/>
  <testcase name="solveStepTest" time="0.000" classname="test.TestBrain"/>
  <testcase name="solveStepTest" time="0.000" classname="test.TestBrain"/>
  <testcase name="stringValidTest" time="0.001" classname="test.TestBrain"/>
  <testcase name="stringValidTest" time="0.005" classname="test.TestBrain"/>
  <testcase name="solveStepTest" time="0.001" classname="test.TestBrain"/>
  <testcase name="solveStepTest" time="0.001" classname="test.TestBrain"/>
  <testcase name="solveAllTest" time="0.001" classname="test.TestBrain"/>
  <testcase name="mathErrorTest" time="0.143" classname="test.TestBrain"/>
  <testcase name="solveAllTest" time="0.001" classname="test.TestBrain"/>
  <testcase name="stringValidTest" time="0.000" classname="test.TestBrain"/>
  <testcase name="stepInTest" time="0.001" classname="test.TestBrain"/>
  <testcase name="stepInTest" time="0.001" classname="test.TestBrain"/>
  <testcase name="stringValidTest" time="0.000" classname="test.TestBrain"/>
  <testcase name="stringValidTest" time="0.000" classname="test.TestBrain"/>
  <testcase name="stringValidTest" time="0.000" classname="test.TestBrain"/>
  <testcase name="solveAllTest" time="0.001" classname="test.TestBrain"/>
  <testcase name="solveStepTest" time="0.001" classname="test.TestBrain"/>
  <testcase name="solveStepTest" time="0.001" classname="test.TestBrain"/>
  <testcase name="solveStepTest" time="0.002" classname="test.TestBrain"/>
  <testcase name="stringValidTest" time="0.000" classname="test.TestBrain"/>
  <testcase name="solveStepTest" time="0.001" classname="test.TestBrain"/>
  <testcase name="stepInTest" time="0.001" classname="test.TestBrain"/>
  <testcase name="solveAllTest" time="0.001" classname="test.TestBrain"/>
  <testcase name="solveStepTest" time="0.001" classname="test.TestBrain"/>
  <testcase name="stepInTest" time="0.001" classname="test.TestBrain"/>
</testsuite> <!-- test.TestBrain -->
